<?xml version="1.0" encoding="UTF-8"?>
<testsuite xmlns:xsi="http://www.w3.org/2001/XMLSchema-instance" xsi:noNamespaceSchemaLocation="https://maven.apache.org/surefire/maven-surefire-plugin/xsd/surefire-test-report-3.0.xsd" version="3.0" name="resources.RunnerTest" time="18.887" tests="1" errors="0" skipped="0" failures="0">
  <properties>
[...]
</properties>
  <testcase name="uploadAndTriggerXCUITest" classname="resources.RunnerTest" time="18.832">
    <system-out><![CDATA[/********* STEP TO UPLOAD XCUITEST SUITE TO BROWSERSTACK *************/
Request method:	POST
Request URI:	https://api-cloud.browserstack.com/app-automate/xcuitest/test-suite
Proxy:			<none>
Request params:	<none>
Query params:	<none>
Form params:	<none>
Path params:	<none>
Headers:		Authorization=Basic YW5hbmRhY2hhcnlhMzp4SlJvenR3Ump5c1hSeDJIeVBHSA==
				Accept=*/*
				Content-Type=multipart/form-data
Cookies:		<none>
Multiparts:		------------
				Content-Disposition: form-data; name = file; filename = WooliesGOUITests-Runner.zip
				Content-Type: multipart/form-data

				/Users/aacharya/workspace/WooliesGo_IOS_AutomationTests/src/test/java/resources/WooliesGOUITests-Runner.zip
Body:			<none>
Sent request to upload xcuitest suite: 200
Response body is {"test_url":"bs://546176c1ead68cf1150f9349009f46cf69f0b309"}
Test url is :bs://546176c1ead68cf1150f9349009f46cf69f0b309
/********* STEP TO RUN XCUITEST SUITE ON BROWSERSTACK *************/
Request method:	POST
Request URI:	https://api-cloud.browserstack.com/app-automate/xcuitest/v2/build
Proxy:			<none>
Request params:	<none>
Query params:	<none>
Form params:	<none>
Path params:	<none>
Headers:		Authorization=Basic YW5hbmRhY2hhcnlhMzp4SlJvenR3Ump5c1hSeDJIeVBHSA==
				Accept=*/*
				Content-Type=application/json
Cookies:		<none>
Multiparts:		<none>
Body:
{
    "shards": {
        "numberOfShards": 10,
        "deviceSelection": "any",
        "mapping": [
            {
                "name": "Shard 1",
                "strategy": "only-testing",
                "values": [
                    "WooliesGOUITests/End2EndNormalRouteTest2"
                ]
            },
            {
                "name": "Shard 2",
                "strategy": "only-testing",
                "values": [
                    "WooliesGOUITests/End2EndNormalRouteTest4"
                ]
            },
            {
                "name": "Shard 3",
                "strategy": "only-testing",
                "values": [
                    "WooliesGOUITests/End2EndNormalRouteTest5"
                ]
            },
            {
                "name": "Shard 4",
                "strategy": "only-testing",
                "values": [
                    "WooliesGOUITests/End2EndNormalRouteTest6"
                ]
            },
            {
                "name": "Shard 5",
                "strategy": "only-testing",
                "values": [
                    "WooliesGOUITests/EndToEndManualRouteTest"
                ]
            },
            {
                "name": "Shard 6",
                "strategy": "only-testing",
                "values": [
                    "WooliesGOUITests/EndToEndMultiLoadRouteTest"
                ]
            },
            {
                "name": "Shard 7",
                "strategy": "only-testing",
                "values": [
                    "WooliesGOUITests/End2EndNominatedIdNormalRouteTest"
                ]
            },
            {
                "name": "Shard 8",
                "strategy": "only-testing",
                "values": [
                    "WooliesGOUITests/EndToEndNominatedIdManualRouteTest"
                ]
            },
            {
                "name": "Shard 9",
                "strategy": "only-testing",
                "values": [
                    "WooliesGOUITests/EndToEndSecurityOnlyRouteTest"
                ]
            },
            {
                "name": "Shard 10",
                "strategy": "only-testing",
                "values": [
                    "WooliesGOUITests/BottomBarTest"
                ]
            }
        ]
    },
    "deviceLogs": "true",
    "networkLogs": "true",
    "local": "true",
    "devices": [
        "iPhone 11-15",
        "iPhone XS-14",
        "iPhone 12 Pro-14",
        "iPhone 12-14",
        "iPhone 13 Mini-15",
        "iPhone 12 Mini-14",
        "iPhone XS-15",
        "iPhone 13-15"
    ],
    "app": "bs://b05c055828a88368c81218aa6b740455c6103773",
    "testSuite": "bs://546176c1ead68cf1150f9349009f46cf69f0b309"
}
Sent request to trigger automation tests : 200
Response body is {"message":"Success","build_id":"ef843ade2d7039da0cafd9165ddd79e8ccab3657"}
Build id is :ef843ade2d7039da0cafd9165ddd79e8ccab3657
]]></system-out>
  </testcase>
</testsuite>